<?xml version="1.0" encoding="UTF-8"?>
<!-- Generated by org.testng.reporters.JUnitXMLReporter -->
<testsuite ignored="0" hostname="DESKTOP-M021GP2" failures="0" tests="9" name="Surefire test" time="0.039" errors="0" timestamp="2020-06-01T21:36:48 EDT">
  <testcase classname="test1.TestA" name="testA1" time="0.004"/>
  <testcase classname="test1.TestA" name="testA2" time="0.0"/>
  <testcase classname="test1.TestA" name="testA3" time="0.0"/>
  <testcase classname="test1.TestB" name="testB1" time="0.0"/>
  <testcase classname="test1.TestB" name="testB2" time="0.001"/>
  <testcase classname="test1.TestC" name="testC1" time="0.001"/>
  <testcase classname="test1.TestC" name="testC2" time="0.0"/>
  <testcase classname="test1.TestC" name="testC3" time="0.0"/>
  <testcase classname="test1.TestC" name="testC4" time="0.0"/>
</testsuite> <!-- Surefire test -->
