<?xml version="1.0" encoding="UTF-8"?>
<testsuite xmlns:xsi="http://www.w3.org/2001/XMLSchema-instance" xsi:noNamespaceSchemaLocation="https://maven.apache.org/surefire/maven-surefire-plugin/xsd/surefire-test-report-3.0.xsd" version="3.0" name="TestSuite" time="0.355" tests="4" errors="0" skipped="0" failures="0">
  <properties>
[...]
</properties>
  <testcase name="testC1" classname="test1.TestC" time="0.005"/>
  <testcase name="testC2" classname="test1.TestC" time="0"/>
  <testcase name="testC3" classname="test1.TestC" time="0.001"/>
  <testcase name="testC4" classname="test1.TestC" time="0"/>
</testsuite>