<?xml version="1.0" encoding="UTF-8"?>
<testng-results ignored="0" total="3" passed="3" failed="0" skipped="0">
  <reporter-output>
  </reporter-output>
  <suite started-at="2020-06-01T21:49:12 EDT" name="test1.TestA" finished-at="2020-06-01T21:49:12 EDT" duration-ms="40">
    <groups>
    </groups>
    <test started-at="2020-06-01T21:49:12 EDT" name="Command line test" finished-at="2020-06-01T21:49:12 EDT" duration-ms="40">
      <class name="test1.TestA">
        <test-method signature="testA1()[pri:0, instance:test1.TestA@1e7c7811]" started-at="2020-06-01T21:49:12 EDT" name="testA1" finished-at="2020-06-01T21:49:12 EDT" duration-ms="3" status="PASS">
          <reporter-output>
          </reporter-output>
        </test-method> <!-- testA1 -->
        <test-method signature="testA2()[pri:0, instance:test1.TestA@1e7c7811]" started-at="2020-06-01T21:49:12 EDT" name="testA2" finished-at="2020-06-01T21:49:12 EDT" duration-ms="1" status="PASS">
          <reporter-output>
          </reporter-output>
        </test-method> <!-- testA2 -->
        <test-method signature="testA3()[pri:0, instance:test1.TestA@1e7c7811]" started-at="2020-06-01T21:49:12 EDT" name="testA3" finished-at="2020-06-01T21:49:12 EDT" duration-ms="0" status="PASS">
          <reporter-output>
          </reporter-output>
        </test-method> <!-- testA3 -->
      </class> <!-- test1.TestA -->
    </test> <!-- Command line test -->
  </suite> <!-- test1.TestA -->
</testng-results>
